d:\projects\explorer++_fork\win32explorer_1.3.x\win32explorer\shellbrowser\x64\release\shellbrowser.pch
d:\projects\explorer++_fork\win32explorer_1.3.x\win32explorer\x64\release\shellbrowser.pdb
d:\projects\explorer++_fork\win32explorer_1.3.x\win32explorer\shellbrowser\x64\release\stdafx.obj
d:\projects\explorer++_fork\win32explorer_1.3.x\win32explorer\shellbrowser\x64\release\sortmanager.obj
d:\projects\explorer++_fork\win32explorer_1.3.x\win32explorer\shellbrowser\x64\release\ishellbrowser.obj
d:\projects\explorer++_fork\win32explorer_1.3.x\win32explorer\shellbrowser\x64\release\ipathmanager.obj
d:\projects\explorer++_fork\win32explorer_1.3.x\win32explorer\shellbrowser\x64\release\ifolderview.obj
d:\projects\explorer++_fork\win32explorer_1.3.x\win32explorer\shellbrowser\x64\release\idroptarget.obj
d:\projects\explorer++_fork\win32explorer_1.3.x\win32explorer\shellbrowser\x64\release\handlethumbnails.obj
d:\projects\explorer++_fork\win32explorer_1.3.x\win32explorer\shellbrowser\x64\release\groupmanager.obj
d:\projects\explorer++_fork\win32explorer_1.3.x\win32explorer\shellbrowser\x64\release\directorymodificationhandler.obj
d:\projects\explorer++_fork\win32explorer_1.3.x\win32explorer\shellbrowser\x64\release\columnmanager.obj
d:\projects\explorer++_fork\win32explorer_1.3.x\win32explorer\shellbrowser\x64\release\browsinghandler.obj
d:\projects\explorer++_fork\win32explorer_1.3.x\win32explorer\x64\release\shellbrowser.lib
d:\projects\explorer++_fork\win32explorer_1.3.x\win32explorer\shellbrowser\x64\release\shellbrowser.tlog\cl.command.1.tlog
d:\projects\explorer++_fork\win32explorer_1.3.x\win32explorer\shellbrowser\x64\release\shellbrowser.tlog\cl.items.tlog
d:\projects\explorer++_fork\win32explorer_1.3.x\win32explorer\shellbrowser\x64\release\shellbrowser.tlog\cl.read.1.tlog
d:\projects\explorer++_fork\win32explorer_1.3.x\win32explorer\shellbrowser\x64\release\shellbrowser.tlog\cl.write.1.tlog
d:\projects\explorer++_fork\win32explorer_1.3.x\win32explorer\shellbrowser\x64\release\shellbrowser.tlog\lib.command.1.tlog
d:\projects\explorer++_fork\win32explorer_1.3.x\win32explorer\shellbrowser\x64\release\shellbrowser.tlog\lib.read.1.tlog
d:\projects\explorer++_fork\win32explorer_1.3.x\win32explorer\shellbrowser\x64\release\shellbrowser.tlog\lib.write.1.tlog
