d:\projects\explorer++_fork\win32explorer_1.3.x\win32explorer\win32explorer\x64\release\win32explorer.pch
d:\projects\explorer++_fork\win32explorer_1.3.x\win32explorer\win32explorer\x64\release\vc143.pdb
d:\projects\explorer++_fork\win32explorer_1.3.x\win32explorer\win32explorer\x64\release\stdafx.obj
d:\projects\explorer++_fork\win32explorer_1.3.x\win32explorer\win32explorer\x64\release\handlewindowstate.obj
d:\projects\explorer++_fork\win32explorer_1.3.x\win32explorer\win32explorer\x64\release\filterdialog.obj
d:\projects\explorer++_fork\win32explorer_1.3.x\win32explorer\win32explorer\x64\release\win32explorer.obj
d:\projects\explorer++_fork\win32explorer_1.3.x\win32explorer\win32explorer\x64\release\eventswitcher.obj
d:\projects\explorer++_fork\win32explorer_1.3.x\win32explorer\win32explorer\x64\release\drivestoolbarhandler.obj
d:\projects\explorer++_fork\win32explorer_1.3.x\win32explorer\win32explorer\x64\release\displaywindowlinepropertiesdialog.obj
d:\projects\explorer++_fork\win32explorer_1.3.x\win32explorer\win32explorer\x64\release\displaycoloursdialog.obj
d:\projects\explorer++_fork\win32explorer_1.3.x\win32explorer\win32explorer\x64\release\destroyfilesdialog.obj
d:\projects\explorer++_fork\win32explorer_1.3.x\win32explorer\win32explorer\x64\release\customizecolorsdialog.obj
d:\projects\explorer++_fork\win32explorer_1.3.x\win32explorer\win32explorer\x64\release\colorruledialog.obj
d:\projects\explorer++_fork\win32explorer_1.3.x\win32explorer\win32explorer\x64\release\changedisplaywindowdetailsdialog.obj
d:\projects\explorer++_fork\win32explorer_1.3.x\win32explorer\win32explorer\x64\release\bookmarktoolbardrophandler.obj
d:\projects\explorer++_fork\win32explorer_1.3.x\win32explorer\win32explorer\x64\release\bookmarkpropertiesdialog.obj
d:\projects\explorer++_fork\win32explorer_1.3.x\win32explorer\win32explorer\x64\release\bookmarkhandler.obj
d:\projects\explorer++_fork\win32explorer_1.3.x\win32explorer\win32explorer\x64\release\arrangemenuhandler.obj
d:\projects\explorer++_fork\win32explorer_1.3.x\win32explorer\win32explorer\x64\release\applicationtoolbarhandler.obj
d:\projects\explorer++_fork\win32explorer_1.3.x\win32explorer\win32explorer\x64\release\applicationtoolbardrophandler.obj
d:\projects\explorer++_fork\win32explorer_1.3.x\win32explorer\win32explorer\x64\release\addressbarhandler.obj
d:\projects\explorer++_fork\win32explorer_1.3.x\win32explorer\win32explorer\x64\release\addbookmarkdialog.obj
d:\projects\explorer++_fork\win32explorer_1.3.x\win32explorer\win32explorer\x64\release\aboutdialog.obj
d:\projects\explorer++_fork\win32explorer_1.3.x\win32explorer\win32explorer\x64\release\setdefaultcolumnsdialog.obj
d:\projects\explorer++_fork\win32explorer_1.3.x\win32explorer\win32explorer\x64\release\selectcolumnsdialog.obj
d:\projects\explorer++_fork\win32explorer_1.3.x\win32explorer\win32explorer\x64\release\searchdialog.obj
d:\projects\explorer++_fork\win32explorer_1.3.x\win32explorer\win32explorer\x64\release\renametabdialog.obj
d:\projects\explorer++_fork\win32explorer_1.3.x\win32explorer\win32explorer\x64\release\registrysettings.obj
d:\projects\explorer++_fork\win32explorer_1.3.x\win32explorer\win32explorer\x64\release\organizebookmarksdialog.obj
d:\projects\explorer++_fork\win32explorer_1.3.x\win32explorer\win32explorer\x64\release\optionsdialog.obj
d:\projects\explorer++_fork\win32explorer_1.3.x\win32explorer\win32explorer\x64\release\newbookmarkfolderdialog.obj
d:\projects\explorer++_fork\win32explorer_1.3.x\win32explorer\win32explorer\x64\release\msghandler.obj
d:\projects\explorer++_fork\win32explorer_1.3.x\win32explorer\win32explorer\x64\release\misc.obj
d:\projects\explorer++_fork\win32explorer_1.3.x\win32explorer\win32explorer\x64\release\mergefilesdialog.obj
d:\projects\explorer++_fork\win32explorer_1.3.x\win32explorer\win32explorer\x64\release\massrenamedialog.obj
d:\projects\explorer++_fork\win32explorer_1.3.x\win32explorer\win32explorer\x64\release\mainwndswitch.obj
d:\projects\explorer++_fork\win32explorer_1.3.x\win32explorer\win32explorer\x64\release\maintoolbarhandler.obj
d:\projects\explorer++_fork\win32explorer_1.3.x\win32explorer\win32explorer\x64\release\loggingimplicitlink.obj
d:\projects\explorer++_fork\win32explorer_1.3.x\win32explorer\win32explorer\x64\release\loggingfrontend.obj
d:\projects\explorer++_fork\win32explorer_1.3.x\win32explorer\win32explorer\x64\release\listviewhandler.obj
d:\projects\explorer++_fork\win32explorer_1.3.x\win32explorer\win32explorer\x64\release\initialization.obj
d:\projects\explorer++_fork\win32explorer_1.3.x\win32explorer\win32explorer\x64\release\idropsource.obj
d:\projects\explorer++_fork\win32explorer_1.3.x\win32explorer\win32explorer\x64\release\helpfilemissingdialog.obj
d:\projects\explorer++_fork\win32explorer_1.3.x\win32explorer\win32explorer\x64\release\xmlsettings.obj
d:\projects\explorer++_fork\win32explorer_1.3.x\win32explorer\win32explorer\x64\release\winmain.obj
d:\projects\explorer++_fork\win32explorer_1.3.x\win32explorer\win32explorer\x64\release\windowhandler.obj
d:\projects\explorer++_fork\win32explorer_1.3.x\win32explorer\win32explorer\x64\release\wildcardselectdialog.obj
d:\projects\explorer++_fork\win32explorer_1.3.x\win32explorer\win32explorer\x64\release\treeviewhandler.obj
d:\projects\explorer++_fork\win32explorer_1.3.x\win32explorer\win32explorer\x64\release\tabhandler.obj
d:\projects\explorer++_fork\win32explorer_1.3.x\win32explorer\win32explorer\x64\release\tabdrophandler.obj
d:\projects\explorer++_fork\win32explorer_1.3.x\win32explorer\win32explorer\x64\release\tabbackinghandler.obj
d:\projects\explorer++_fork\win32explorer_1.3.x\win32explorer\win32explorer\x64\release\splitfiledialog.obj
d:\projects\explorer++_fork\win32explorer_1.3.x\win32explorer\win32explorer\x64\release\shellcontextmenuhandler.obj
d:\projects\explorer++_fork\win32explorer_1.3.x\win32explorer\win32explorer\x64\release\setfileattributesdialog.obj
d:\projects\explorer++_fork\win32explorer_1.3.x\win32explorer\win32explorer\x64\release\msxml3.tlh
d:\projects\explorer++_fork\win32explorer_1.3.x\win32explorer\win32explorer\x64\release\win32explorer.tlog\cl.command.1.tlog
d:\projects\explorer++_fork\win32explorer_1.3.x\win32explorer\win32explorer\x64\release\win32explorer.tlog\cl.read.1.tlog
d:\projects\explorer++_fork\win32explorer_1.3.x\win32explorer\win32explorer\x64\release\win32explorer.tlog\cl.write.1.tlog
d:\projects\explorer++_fork\win32explorer_1.3.x\win32explorer\win32explorer\x64\release\win32explorer.tlog\rc.command.1.tlog
d:\projects\explorer++_fork\win32explorer_1.3.x\win32explorer\win32explorer\x64\release\win32explorer.tlog\rc.read.1.tlog
d:\projects\explorer++_fork\win32explorer_1.3.x\win32explorer\win32explorer\x64\release\win32explorer.tlog\rc.write.1.tlog
