d:\projects\explorer++_fork\win32explorer_1.3.x\win32explorer\helper\x64\release\helper.pch
d:\projects\explorer++_fork\win32explorer_1.3.x\win32explorer\x64\release\helper.pdb
d:\projects\explorer++_fork\win32explorer_1.3.x\win32explorer\helper\x64\release\stdafx.obj
d:\projects\explorer++_fork\win32explorer_1.3.x\win32explorer\helper\x64\release\resizabledialog.obj
d:\projects\explorer++_fork\win32explorer_1.3.x\win32explorer\helper\x64\release\registrysettings.obj
d:\projects\explorer++_fork\win32explorer_1.3.x\win32explorer\helper\x64\release\referencecount.obj
d:\projects\explorer++_fork\win32explorer_1.3.x\win32explorer\helper\x64\release\listviewhelper.obj
d:\projects\explorer++_fork\win32explorer_1.3.x\win32explorer\helper\x64\release\ienumformatetc.obj
d:\projects\explorer++_fork\win32explorer_1.3.x\win32explorer\helper\x64\release\idirectorymonitor.obj
d:\projects\explorer++_fork\win32explorer_1.3.x\win32explorer\helper\x64\release\idataobject.obj
d:\projects\explorer++_fork\win32explorer_1.3.x\win32explorer\helper\x64\release\helper.obj
d:\projects\explorer++_fork\win32explorer_1.3.x\win32explorer\helper\x64\release\foldersize.obj
d:\projects\explorer++_fork\win32explorer_1.3.x\win32explorer\helper\x64\release\fileoperations.obj
d:\projects\explorer++_fork\win32explorer_1.3.x\win32explorer\helper\x64\release\filecontextmenumanager.obj
d:\projects\explorer++_fork\win32explorer_1.3.x\win32explorer\helper\x64\release\fileactionhandler.obj
d:\projects\explorer++_fork\win32explorer_1.3.x\win32explorer\helper\x64\release\drophandler.obj
d:\projects\explorer++_fork\win32explorer_1.3.x\win32explorer\helper\x64\release\driveinfo.obj
d:\projects\explorer++_fork\win32explorer_1.3.x\win32explorer\helper\x64\release\dialogsettings.obj
d:\projects\explorer++_fork\win32explorer_1.3.x\win32explorer\helper\x64\release\custommenu.obj
d:\projects\explorer++_fork\win32explorer_1.3.x\win32explorer\helper\x64\release\controls.obj
d:\projects\explorer++_fork\win32explorer_1.3.x\win32explorer\helper\x64\release\contextmenumanager.obj
d:\projects\explorer++_fork\win32explorer_1.3.x\win32explorer\helper\x64\release\bookmark.obj
d:\projects\explorer++_fork\win32explorer_1.3.x\win32explorer\helper\x64\release\basedialog.obj
d:\projects\explorer++_fork\win32explorer_1.3.x\win32explorer\helper\x64\release\xmlsettings.obj
d:\projects\explorer++_fork\win32explorer_1.3.x\win32explorer\helper\x64\release\statusbar.obj
d:\projects\explorer++_fork\win32explorer_1.3.x\win32explorer\helper\x64\release\shellhelper.obj
d:\projects\explorer++_fork\win32explorer_1.3.x\win32explorer\helper\x64\release\setdefaultfilemanager.obj
d:\projects\explorer++_fork\win32explorer_1.3.x\win32explorer\x64\release\helper.lib
d:\projects\explorer++_fork\win32explorer_1.3.x\win32explorer\helper\x64\release\msxml3.tlh
d:\projects\explorer++_fork\win32explorer_1.3.x\win32explorer\helper\x64\release\helper.tlog\cl.command.1.tlog
d:\projects\explorer++_fork\win32explorer_1.3.x\win32explorer\helper\x64\release\helper.tlog\cl.items.tlog
d:\projects\explorer++_fork\win32explorer_1.3.x\win32explorer\helper\x64\release\helper.tlog\cl.read.1.tlog
d:\projects\explorer++_fork\win32explorer_1.3.x\win32explorer\helper\x64\release\helper.tlog\cl.write.1.tlog
d:\projects\explorer++_fork\win32explorer_1.3.x\win32explorer\helper\x64\release\helper.tlog\lib.command.1.tlog
d:\projects\explorer++_fork\win32explorer_1.3.x\win32explorer\helper\x64\release\helper.tlog\lib.read.1.tlog
d:\projects\explorer++_fork\win32explorer_1.3.x\win32explorer\helper\x64\release\helper.tlog\lib.write.1.tlog
